0.047747 96
2.328733 1
0.557760 4
0.257148 1
0.208515 1
0.251632 1
0.097411 1
0.391533 1
0.244061 1
1.221386 1
0.259535 1
0.239825 1
0.371516 1
0.056629 1
0.136265 1
0.065894 1
0.066456 1
0.126380 1
0.056319 1
0.061398 1
0.145656 1
0.033784 1
0.184058 1
0.151190 1
0.196708 1
0.097212 1
0.252345 2
0.000117 2
2.320277 1
0.229827 1
0.364875 2
0.000087 22
0.000462 96
1.416591 1
0.180706 1
0.217986 1
0.104186 1
0.096825 1
0.236579 1
1.292278 1
0.140913 1
0.248794 1
0.072335 1
0.096046 1
0.126781 1
0.050078 1
0.164551 1
0.061350 1
0.175296 1
0.157733 1
0.089576 1
0.101350 1
0.034818 1
0.186437 1
0.031691 1
0.221107 1
0.092311 1
0.070009 1
0.081908 1
0.108756 1
0.252688 1
0.690790 2
0.000118 23
0.000827 96
0.021286 2
0.000515 96
2.001006 6
